Added Net: Name=+5V
Added Net: Name=+24V
Added Net: Name=1V8
Added Net: Name=3V_KEY
Added Net: Name=3V
Added Net: Name=ADC1
Added Net: Name=ADC_VREF
Added Net: Name=BL_GND
Added Net: Name=BL_VCC
Added Net: Name=BLPWM
Added Net: Name=BOOT
Added Net: Name=CAN_RX0
Added Net: Name=CAN_RX1
Added Net: Name=CAN_TX0
Added Net: Name=CAN_TX1
Added Net: Name=CANH1
Added Net: Name=CANL1
Added Net: Name=CS
Added Net: Name=D33V
Added Net: Name=DB0
Added Net: Name=DB1
Added Net: Name=DB2
Added Net: Name=DB3
Added Net: Name=DB4
Added Net: Name=DB5
Added Net: Name=DB6
Added Net: Name=DB7
Added Net: Name=DB8
Added Net: Name=DB9
Added Net: Name=DB10
Added Net: Name=DB11
Added Net: Name=DB12
Added Net: Name=DB13
Added Net: Name=DB14
Added Net: Name=DB15
Added Net: Name=DCLK
Added Net: Name=DEN
Added Net: Name=DIAG
Added Net: Name=EN2
Added Net: Name=EN3
Added Net: Name=EN4
Added Net: Name=EN5
Added Net: Name=EN6
Added Net: Name=GND
Added Net: Name=HSYNC
Added Net: Name=I2C3_SCL
Added Net: Name=I2C3_SDA
Added Net: Name=JNTRST
Added Net: Name=JTDI
Added Net: Name=JTDO
Added Net: Name=K_END
Added Net: Name=K_FUN
Added Net: Name=KEYEND
Added Net: Name=KEYFUN
Added Net: Name=KEYID0_OUT
Added Net: Name=KEYID1_OUT
Added Net: Name=KEYID2_OUT
Added Net: Name=KEYID3_OUT
Added Net: Name=KEYID4_OUT
Added Net: Name=KEYID5_OUT
Added Net: Name=KID0
Added Net: Name=KID1
Added Net: Name=KID2
Added Net: Name=KID3
Added Net: Name=KID4
Added Net: Name=KID5
Added Net: Name=KOUT0
Added Net: Name=KOUT1
Added Net: Name=KOUT2
Added Net: Name=KOUT3
Added Net: Name=LCD_DTB
Added Net: Name=LCD_MODE
Added Net: Name=LD0
Added Net: Name=LD1
Added Net: Name=LD2
Added Net: Name=LD3
Added Net: Name=LD4
Added Net: Name=LD5
Added Net: Name=LD6
Added Net: Name=LD7
Added Net: Name=LD8
Added Net: Name=LD9
Added Net: Name=LD10
Added Net: Name=LD11
Added Net: Name=LD12
Added Net: Name=LD13
Added Net: Name=LD14
Added Net: Name=LD15
Added Net: Name=LR
Added Net: Name=MB4A
Added Net: Name=MB4B
Added Net: Name=MGND
Added Net: Name=MISO1
Added Net: Name=MISO2
Added Net: Name=MOSI1
Added Net: Name=MOSI2
Added Net: Name=NetC6_2
Added Net: Name=NetC7_2
Added Net: Name=NetC9_1
Added Net: Name=NetC9_2
Added Net: Name=NetC17_1
Added Net: Name=NetC40_2
Added Net: Name=NetC42_1
Added Net: Name=NetC66_1
Added Net: Name=NetC66_2
Added Net: Name=NetC150_2
Added Net: Name=NetCd1_2
Added Net: Name=NetCd32_2
Added Net: Name=NetCd34_2
Added Net: Name=NetCd35_2
Added Net: Name=NetCd36_1
Added Net: Name=NetCd36_2
Added Net: Name=NetCd37_2
Added Net: Name=NetCd38_2
Added Net: Name=NetCd49_2
Added Net: Name=NetCd50_2
Added Net: Name=NetCF1_2
Added Net: Name=NetCF2_2
Added Net: Name=NetCp1_1
Added Net: Name=NetD2_3
Added Net: Name=NetDd1_1
Added Net: Name=NetGDT1_1
Added Net: Name=NetGDT2_1
Added Net: Name=NetJ2_12
Added Net: Name=NetJ2_13
Added Net: Name=NetJ2_14
Added Net: Name=NetJ2_15
Added Net: Name=NetJ2_16
Added Net: Name=NetJ2_20
Added Net: Name=NetJ2_21
Added Net: Name=NetJ2_22
Added Net: Name=NetJ2_23
Added Net: Name=NetJ2_24
Added Net: Name=NetJ2_25
Added Net: Name=NetJ2_28
Added Net: Name=NetJ2_29
Added Net: Name=NetJ2_30
Added Net: Name=NetJ2_31
Added Net: Name=NetJ2_32
Added Net: Name=NetJ5_3
Added Net: Name=Netled1_1
Added Net: Name=NetLED2_1
Added Net: Name=NetLED4_1
Added Net: Name=NetM4_7
Added Net: Name=NetN4_4
Added Net: Name=NetN5_4
Added Net: Name=NetR23_1
Added Net: Name=NetRB10_1
Added Net: Name=NetRd13_2
Added Net: Name=NINT
Added Net: Name=NRST
Added Net: Name=NSS1
Added Net: Name=NSS2
Added Net: Name=NSS3
Added Net: Name=OSC2IN
Added Net: Name=OSC2OUT
Added Net: Name=PE_CAN1
Added Net: Name=PE_MB4
Added Net: Name=PE
Added Net: Name=RA8875_INT
Added Net: Name=RA8875_RST
Added Net: Name=RA8875_WAIT
Added Net: Name=RA8875_XI
Added Net: Name=RA8875_XO
Added Net: Name=RD
Added Net: Name=RESET
Added Net: Name=RS
Added Net: Name=RXD1
Added Net: Name=RXD-F
Added Net: Name=SCK1
Added Net: Name=SCK2
Added Net: Name=SFCL
Added Net: Name=SFCS0
Added Net: Name=SFCS1
Added Net: Name=SFDI
Added Net: Name=SFDO
Added Net: Name=SGND
Added Net: Name=SWD_CLK
Added Net: Name=SWD_IO
Added Net: Name=TXD1
Added Net: Name=TXD-F
Added Net: Name=U2_RX
Added Net: Name=U2_TX
Added Net: Name=U3_RX
Added Net: Name=U3_TX
Added Net: Name=U4_RX
Added Net: Name=U4_TX
Added Net: Name=U5_RX
Added Net: Name=U5_TX
Added Net: Name=U6_RX
Added Net: Name=U6_TX
Added Net: Name=UBOOT
Added Net: Name=UBT
Added Net: Name=UD
Added Net: Name=URXD
Added Net: Name=USB_D+
Added Net: Name=USB_D-
Added Net: Name=USB_DM
Added Net: Name=USB_DP
Added Net: Name=USB_PWR
Added Net: Name=UTXD
Added Net: Name=VCC10.4
Added Net: Name=VCC16
Added Net: Name=VCC-7
Added Net: Name=VCOM
Added Net: Name=VCPU
Added Net: Name=VP24N
Added Net: Name=VP24V
Added Net: Name=VSYNC
Added Net: Name=WR
Added Class: Name=VM
Added Room: Name=VM
